<?xml version="1.0" encoding="UTF-8"?>
<!-- Generated by org.testng.reporters.JUnitReportReporter -->
<testsuite skipped="0" hostname="SF-VUPP-MBP.local" name="com.SunBasket.AutomationTests.WebSmokeChecklistTests" tests="1" failures="0" timestamp="03 Aug 2017 22:08:58 GMT" time="13.873" errors="0">
  <testcase name="C1_SunBasket_JointFlow_PromoCode_001" time="13.873" classname="com.SunBasket.AutomationTests.WebSmokeChecklistTests"/>
</testsuite> <!-- com.SunBasket.AutomationTests.WebSmokeChecklistTests -->
